<?xml version="1.0" encoding="UTF-8"?>
<!-- Generated by org.testng.reporters.JUnitReportReporter -->
<testsuite hostname="INmadhun03" failures="0" tests="1" name="com.qa.selenium.BrokenLinks" time="16.814" errors="0" timestamp="2022-11-01T11:17:07 IST" skipped="0">
  <testcase classname="com.qa.selenium.BrokenLinks" name="getBroken" time="16.814"/>
  <system-out/>
</testsuite> <!-- com.qa.selenium.BrokenLinks -->
